[INFO ] 2023-08-28 12:56:37.959 [main] RestAssuredAutomationFramework - Create User executed.
[INFO ] 2023-08-28 12:56:39.151 [main] RestAssuredAutomationFramework - Get User Data executed.
[INFO ] 2023-08-28 12:56:41.465 [main] RestAssuredAutomationFramework - Updagte User executed.
[INFO ] 2023-08-28 12:56:42.608 [main] RestAssuredAutomationFramework - Delete User executed.[INFO ] 2023-08-28 13:04:56.930 [main] RestAssuredAutomationFramework_test - Create User executed.
[INFO ] 2023-08-28 13:04:58.087 [main] RestAssuredAutomationFramework_test - Get User Data executed.
[INFO ] 2023-08-28 13:05:00.364 [main] RestAssuredAutomationFramework_test - Update User executed.
[INFO ] 2023-08-28 13:05:01.497 [main] RestAssuredAutomationFramework_test - Delete User executed.[INFO ] 2023-08-28 13:11:55.692 [main] RestAssuredAutomationFramework_test - Create User executed.
[INFO ] 2023-08-28 13:11:56.840 [main] RestAssuredAutomationFramework_test - Get User Data executed.
[INFO ] 2023-08-28 13:11:59.145 [main] RestAssuredAutomationFramework_test - Update User executed.
[INFO ] 2023-08-28 13:12:00.298 [main] RestAssuredAutomationFramework_test - Delete User executed.
[INFO ] 2023-08-28 15:36:23.481 [main] RestAssuredAutomationFramework_test - Create User executed.
[INFO ] 2023-08-28 15:36:24.613 [main] RestAssuredAutomationFramework_test - Get User Data executed.
[INFO ] 2023-08-28 15:36:26.928 [main] RestAssuredAutomationFramework_test - Update User executed.
[INFO ] 2023-08-28 15:36:28.079 [main] RestAssuredAutomationFramework_test - Delete User executed.
[INFO ] 2023-08-29 17:19:59.126 [main] RestAssuredAutomationFramework_test - Create User executed.
[INFO ] 2023-08-29 17:20:00.379 [main] RestAssuredAutomationFramework_test - Get User Data executed.
[INFO ] 2023-08-29 17:20:02.779 [main] RestAssuredAutomationFramework_test - Update User executed.
[INFO ] 2023-08-29 17:20:03.935 [main] RestAssuredAutomationFramework_test - Delete User executed.
[INFO ] 2023-08-29 17:21:00.412 [main] RestAssuredAutomationFramework_test - Create User executed.
[INFO ] 2023-08-29 17:21:01.582 [main] RestAssuredAutomationFramework_test - Get User Data executed.
[INFO ] 2023-08-29 17:21:03.912 [main] RestAssuredAutomationFramework_test - Update User executed.
[INFO ] 2023-08-29 17:21:05.103 [main] RestAssuredAutomationFramework_test - Delete User executed.
[INFO ] 2023-08-29 17:54:55.328 [main] RestAssuredAutomationFramework_test - Create User executed.
[INFO ] 2023-08-29 17:54:56.536 [main] RestAssuredAutomationFramework_test - Get User Data executed.
[INFO ] 2023-08-29 17:54:58.840 [main] RestAssuredAutomationFramework_test - Update User executed.
[INFO ] 2023-08-29 17:54:59.967 [main] RestAssuredAutomationFramework_test - Delete User executed.
[INFO ] 2023-08-29 18:02:36.009 [main] RestAssuredAutomationFramework_test - Create User executed.
[INFO ] 2023-08-29 18:02:37.242 [main] RestAssuredAutomationFramework_test - Get User Data executed.
[INFO ] 2023-08-29 18:02:39.516 [main] RestAssuredAutomationFramework_test - Update User executed.
[INFO ] 2023-08-29 18:02:40.672 [main] RestAssuredAutomationFramework_test - Delete User executed.
[INFO ] 2024-07-08 15:21:04.085 [main] RestAssuredAutomationFramework_test - Create User executed.
[INFO ] 2024-07-08 15:32:24.548 [main] RestAssuredAutomationFramework_test - Get User Data executed.
[INFO ] 2024-07-08 15:32:28.627 [main] RestAssuredAutomationFramework_test - Update User executed.
[INFO ] 2024-07-08 15:32:30.896 [main] RestAssuredAutomationFramework_test - Delete User executed.
[INFO ] 2024-07-08 15:41:17.589 [main] RestAssuredAutomationFramework_test - Get User Data executed.
[INFO ] 2024-07-08 16:01:04.045 [main] RestAssuredAutomationFramework_test - Get User Data executed.
[INFO ] 2024-07-08 17:22:53.043 [main] RestAssuredAutomationFramework_test - Create User executed.
[INFO ] 2024-07-08 17:22:56.557 [main] RestAssuredAutomationFramework_test - Get User Data executed.
[INFO ] 2024-07-08 17:22:58.833 [main] RestAssuredAutomationFramework_test - Update User executed.
[INFO ] 2024-07-08 17:22:59.940 [main] RestAssuredAutomationFramework_test - Delete User executed.
[INFO ] 2024-07-08 17:34:58.587 [main] RestAssuredAutomationFramework_test - Create User executed.
[INFO ] 2024-07-08 17:35:01.341 [main] RestAssuredAutomationFramework_test - Get User Data executed.
[INFO ] 2024-07-08 17:35:03.728 [main] RestAssuredAutomationFramework_test - Update User executed.
[INFO ] 2024-07-08 17:35:05.338 [main] RestAssuredAutomationFramework_test - Delete User executed.
[INFO ] 2024-07-12 17:01:30.780 [main] RestAssuredAutomationFramework_test - Get User Data executed.
[INFO ] 2024-07-12 17:01:33.353 [main] RestAssuredAutomationFramework_test - Delete User executed.
